\BOOKMARK [0][-]{chapter.1}{\376\377\000\332\000v\000o\000d}{}% 1
\BOOKMARK [0][-]{chapter.2}{\376\377\000P\001\131\000e\000d\000s\000t\000a\000v\000e\000n\000\355\000\040\000e\000s\000p\000o\000r\000t\000u}{}% 2
\BOOKMARK [1][-]{section.2.1}{\376\377\000H\000i\000s\000t\000o\000r\000i\000e\000\040\000e\000s\000p\000o\000r\000t\000u}{chapter.2}% 3
\BOOKMARK [1][-]{section.2.2}{\376\377\000Z\000a\000s\000a\000z\000e\000n\000\355\000\040\000d\000o\000\040\000d\000n\000e\001\141\000n\000\355\000\040\000d\000o\000b\000y}{chapter.2}% 4
\BOOKMARK [1][-]{section.2.3}{\376\377\000P\001\131\000e\000d\000s\000t\000a\000v\000e\000n\000\355\000\040\000t\000i\000t\000u\000l\000u\000\040\000C\000o\000u\000n\000t\000e\000r\000-\000S\000t\000r\000i\000k\000e\000:\000\040\000G\000l\000o\000b\000a\000l\000\040\000O\000f\000f\000e\000n\000s\000i\000v\000e}{chapter.2}% 5
\BOOKMARK [1][-]{section.2.4}{\376\377\000P\000r\000o\000p\000o\000j\000e\000n\000\355\000\040\000p\000r\000\341\000c\000e\000\040\000a\000\040\000t\000i\000t\000u\000l\000u\000\040\000C\000o\000u\000n\000t\000e\000r\000-\000S\000t\000r\000i\000k\000e\000:\000\040\000G\000l\000o\000b\000a\000l\000\040\000O\000f\000f\000e\000n\000s\000i\000v\000e}{chapter.2}% 6
\BOOKMARK [0][-]{chapter.3}{\376\377\000T\000e\000o\000r\000e\000t\000i\000c\000k\000\341\000\040\001\015\000\341\000s\000t}{}% 7
\BOOKMARK [1][-]{section.3.1}{\376\377\000V\000i\000z\000u\000a\000l\000i\000z\000a\000c\000e\000\040\000d\000a\000t}{chapter.3}% 8
\BOOKMARK [2][-]{subsection.3.1.1}{\376\377\000B\000o\000d\000o\000v\000\375\000\040\000g\000r\000a\000f}{section.3.1}% 9
\BOOKMARK [2][-]{subsection.3.1.2}{\376\377\000S\000l\000o\000u\000p\000c\000o\000v\000\375\000\040\000g\000r\000a\000f}{section.3.1}% 10
\BOOKMARK [2][-]{subsection.3.1.3}{\376\377\000H\000i\000s\000t\000o\000g\000r\000a\000m}{section.3.1}% 11
\BOOKMARK [2][-]{subsection.3.1.4}{\376\377\000B\000o\000x\000p\000l\000o\000t}{section.3.1}% 12
\BOOKMARK [1][-]{section.3.2}{\376\377\000L\000o\000g\000i\000s\000t\000i\000c\000k\000\341\000\040\000r\000e\000g\000r\000e\000s\000e}{chapter.3}% 13
\BOOKMARK [2][-]{subsection.3.2.1}{\376\377\000I\000n\000t\000e\000r\000p\000r\000e\000t\000a\000c\000e\000\040\000p\000a\000r\000a\000m\000e\000t\000r\001\157}{section.3.2}% 14
\BOOKMARK [2][-]{subsection.3.2.2}{\376\377\000M\000a\000x\000i\000m\000\341\000l\000n\000\355\000\040\000p\000r\000a\000v\000d\001\033\000p\000o\000d\000o\000b\000n\000o\000s\000t}{section.3.2}% 15
\BOOKMARK [2][-]{subsection.3.2.3}{\376\377\000V\000y\000h\000o\000d\000n\000o\000c\000e\000n\000\355\000\040\000m\000o\000d\000e\000l\000u}{section.3.2}% 16
\BOOKMARK [0][-]{chapter.4}{\376\377\000P\000r\000a\000k\000t\000i\000c\000k\000\341\000\040\001\015\000\341\000s\000t}{}% 17
\BOOKMARK [1][-]{section.4.1}{\376\377\000M\000e\000t\000o\000d\000i\000k\000a}{chapter.4}% 18
\BOOKMARK [1][-]{section.4.2}{\376\377\000P\001\131\000e\000d\000s\000t\000a\000v\000e\000n\000\355\000\040\000d\000a\000t\000a\000\040\000s\000e\000t\000u}{chapter.4}% 19
\BOOKMARK [1][-]{section.4.3}{\376\377\000P\001\131\000\355\000p\000r\000a\000v\000a\000\040\000d\000a\000t\000a\000\040\000s\000e\000t\000u}{chapter.4}% 20
\BOOKMARK [1][-]{section.4.4}{\376\377\000O\000m\000e\000z\000e\000n\000\355\000\040\000d\000a\000t}{chapter.4}% 21
\BOOKMARK [1][-]{section.4.5}{\376\377\000S\000e\000s\000t\000a\000v\000e\000n\000\355\000\040\000m\000o\000d\000e\000l\000u}{chapter.4}% 22
\BOOKMARK [2][-]{subsection.4.5.1}{\376\377\000I\000n\000t\000e\000r\000p\000r\000e\000t\000a\000c\000e}{section.4.5}% 23
\BOOKMARK [1][-]{section.4.6}{\376\377\000V\000y\000h\000o\000d\000n\000o\000c\000e\000n\000\355\000\040\000m\000o\000d\000e\000l\000u}{chapter.4}% 24
\BOOKMARK [2][-]{subsection.4.6.1}{\376\377\000S\000t\000a\000t\000i\000s\000t\000i\000k\000a\000\040\0001}{section.4.6}% 25
\BOOKMARK [0][-]{chapter.5}{\376\377\000Z\000\341\000v\001\033\000r}{}% 26
\BOOKMARK [1][-]{section.5.1}{\376\377\000Z\000\341\000v\001\033\000r\000e\001\015\000n\000\351\000\040\000v\000y\000h\000o\000d\000n\000o\000c\000e\000n\000\355\000\040\000m\000o\000d\000e\000l\000u}{chapter.5}% 27
\BOOKMARK [1][-]{section.5.2}{\376\377\000I\000n\000t\000e\000r\000p\000r\000e\000t\000a\000c\000e\000\040\000m\000o\000d\000e\000l\000u\000\040\000d\000o\000\040\000r\000e\000\341\000l\000n\000\351\000h\000o\000\040\000s\000v\001\033\000t\000a}{chapter.5}% 28
\BOOKMARK [1][-]{section.5.3}{\376\377\000P\000o\000u\001\176\000i\000t\000\355\000\040\000m\000o\000d\000e\000l\000u\000\040\000v\000\040\000r\000e\000\341\000l\000n\000\351\000m\000\040\000s\000v\001\033\000t\001\033}{chapter.5}% 29
\BOOKMARK [1][-]{section.5.4}{\376\377\000M\000\355\000s\000t\000o\000\040\000p\000r\000o\000\040\000b\000u\000d\000o\000u\000c\000\355\000\040\000v\000y\000l\000e\000p\001\141\000e\000n\000\355}{chapter.5}% 30
\BOOKMARK [0][-]{chapter*.21}{\376\377\000S\000e\000z\000n\000a\000m\000\040\000p\000o\000u\001\176\000i\000t\000\351\000\040\000l\000i\000t\000e\000r\000a\000t\000u\000r\000y}{}% 31
\BOOKMARK [0][-]{chapter*.22}{\376\377\000S\000e\000z\000n\000a\000m\000\040\000e\000l\000e\000k\000t\000r\000o\000n\000i\000c\000k\000\375\000c\000h\000\040\000z\000d\000r\000o\000j\001\157}{}% 32
\BOOKMARK [0][-]{section*.23}{\376\377\000S\000e\000z\000n\000a\000m\000\040\000o\000b\000r\000\341\000z\000k\001\157}{}% 33
\BOOKMARK [0][-]{section*.24}{\376\377\000S\000e\000z\000n\000a\000m\000\040\000t\000a\000b\000u\000l\000e\000k}{}% 34
\BOOKMARK [0][-]{chapter*.25}{\376\377\000S\000e\000z\000n\000a\000m\000\040\000p\000o\000u\001\176\000i\000t\000\375\000c\000h\000\040\000z\000k\000r\000a\000t\000e\000k}{}% 35
\BOOKMARK [-1][-]{part.1}{\376\377\000I\000\040\000P\001\131\000\355\000l\000o\000h\000y}{}% 36
